c:\users\admin\source\repos\graphicvisualization\graphicvisualization\x64\debug\idw.obj
c:\users\admin\source\repos\graphicvisualization\graphicvisualization\x64\debug\machinelearning.obj
c:\users\admin\source\repos\graphicvisualization\graphicvisualization\x64\debug\toolmanagement.obj
c:\users\admin\source\repos\graphicvisualization\graphicvisualization\x64\debug\interpolation.obj
c:\users\admin\source\repos\graphicvisualization\graphicvisualization\x64\debug\layerview.obj
c:\users\admin\source\repos\graphicvisualization\graphicvisualization\x64\debug\convexhull.obj
c:\users\admin\source\repos\graphicvisualization\graphicvisualization\x64\debug\main.obj
c:\users\admin\source\repos\graphicvisualization\graphicvisualization\x64\debug\graphitem.obj
c:\users\admin\source\repos\graphicvisualization\graphicvisualization\x64\debug\cpython.obj
c:\users\admin\source\repos\graphicvisualization\graphicvisualization\x64\debug\layermanagement.obj
c:\users\admin\source\repos\graphicvisualization\graphicvisualization\x64\debug\chess.obj
c:\users\admin\source\repos\graphicvisualization\graphicvisualization\x64\debug\mainwindow.obj
c:\users\admin\source\repos\graphicvisualization\graphicvisualization\x64\debug\layerscene.obj
c:\users\admin\source\repos\graphicvisualization\graphicvisualization\x64\debug\decisiontree.obj
c:\users\admin\source\repos\graphicvisualization\graphicvisualization\x64\debug\tin.obj
c:\users\admin\source\repos\graphicvisualization\graphicvisualization\x64\debug\attributedialog.obj
c:\users\admin\source\repos\graphicvisualization\graphicvisualization\x64\debug\vc143.pdb
c:\users\admin\source\repos\graphicvisualization\graphicvisualization\x64\debug\qrc_res.obj
c:\users\admin\source\repos\graphicvisualization\graphicvisualization\x64\debug\moc_graphitem.obj
c:\users\admin\source\repos\graphicvisualization\graphicvisualization\x64\debug\moc_attributedialog.obj
c:\users\admin\source\repos\graphicvisualization\graphicvisualization\x64\debug\moc_layerscene.obj
c:\users\admin\source\repos\graphicvisualization\graphicvisualization\x64\debug\moc_layermanagement.obj
c:\users\admin\source\repos\graphicvisualization\graphicvisualization\x64\debug\moc_machinelearning.obj
c:\users\admin\source\repos\graphicvisualization\graphicvisualization\x64\debug\moc_interpolation.obj
c:\users\admin\source\repos\graphicvisualization\graphicvisualization\x64\debug\moc_mainwindow.obj
c:\users\admin\source\repos\graphicvisualization\graphicvisualization\x64\debug\moc_layerview.obj
c:\users\admin\source\repos\graphicvisualization\graphicvisualization\x64\debug\shortestpath.obj
c:\users\admin\source\repos\graphicvisualization\graphicvisualization\x64\debug\networkanalysis.obj
c:\users\admin\source\repos\graphicvisualization\graphicvisualization\x64\debug\moc_networkanalysis.obj
c:\users\admin\source\repos\graphicvisualization\graphicvisualization\x64\debug\uic\ui_attributedialog.h
c:\users\admin\source\repos\graphicvisualization\graphicvisualization\x64\debug\uic\ui_navigationwidget.h
c:\users\admin\source\repos\graphicvisualization\graphicvisualization\x64\debug\uic\ui_mainwindow.h
c:\users\admin\source\repos\graphicvisualization\graphicvisualization\x64\debug\rcc\qrc_res.cpp
c:\users\admin\source\repos\graphicvisualization\graphicvisualization\x64\debug\moc\moc_machinelearning.cpp
c:\users\admin\source\repos\graphicvisualization\graphicvisualization\x64\debug\moc\moc_interpolation.cpp
c:\users\admin\source\repos\graphicvisualization\graphicvisualization\x64\debug\moc\moc_layerscene.cpp
c:\users\admin\source\repos\graphicvisualization\graphicvisualization\x64\debug\moc\moc_attributedialog.cpp
c:\users\admin\source\repos\graphicvisualization\graphicvisualization\x64\debug\moc\moc_navigationwidget.cpp
c:\users\admin\source\repos\graphicvisualization\graphicvisualization\x64\debug\moc\moc_graphitem.cpp
c:\users\admin\source\repos\graphicvisualization\graphicvisualization\x64\debug\moc\moc_layermanagement.cpp
c:\users\admin\source\repos\graphicvisualization\graphicvisualization\x64\debug\moc\moc_layerview.cpp
c:\users\admin\source\repos\graphicvisualization\graphicvisualization\x64\debug\moc\moc_mainwindow.cpp
c:\users\admin\source\repos\graphicvisualization\graphicvisualization\x64\debug\moc\moc_networkanalysis.cpp
c:\users\admin\source\repos\graphicvisualization\x64\debug\graphicvisualization.lib
c:\users\admin\source\repos\graphicvisualization\x64\debug\graphicvisualization.exp
c:\users\admin\source\repos\graphicvisualization\x64\debug\graphicvisualization.exe
c:\users\admin\source\repos\graphicvisualization\x64\debug\graphicvisualization.ilk
c:\users\admin\source\repos\graphicvisualization\x64\debug\graphicvisualization.pdb
c:\users\admin\source\repos\graphicvisualization\graphicvisualization\x64\debug\moc_navigationwidget.obj
c:\users\admin\source\repos\graphicvisualization\graphicvisualization\x64\debug\navigation.obj
c:\users\admin\source\repos\graphicvisualization\graphicvisualization\x64\debug\navigationwidget.obj
c:\users\admin\source\repos\graphicvisualization\graphicvisualization\x64\debug\graphicv.0c9b8403.tlog\cl.command.1.tlog
c:\users\admin\source\repos\graphicvisualization\graphicvisualization\x64\debug\graphicv.0c9b8403.tlog\cl.items.tlog
c:\users\admin\source\repos\graphicvisualization\graphicvisualization\x64\debug\graphicv.0c9b8403.tlog\cl.read.1.tlog
c:\users\admin\source\repos\graphicvisualization\graphicvisualization\x64\debug\graphicv.0c9b8403.tlog\cl.write.1.tlog
c:\users\admin\source\repos\graphicvisualization\graphicvisualization\x64\debug\graphicv.0c9b8403.tlog\graphicvisualization.write.1u.tlog
c:\users\admin\source\repos\graphicvisualization\graphicvisualization\x64\debug\graphicv.0c9b8403.tlog\link.command.1.tlog
c:\users\admin\source\repos\graphicvisualization\graphicvisualization\x64\debug\graphicv.0c9b8403.tlog\link.read.1.tlog
c:\users\admin\source\repos\graphicvisualization\graphicvisualization\x64\debug\graphicv.0c9b8403.tlog\link.write.1.tlog
c:\users\admin\source\repos\graphicvisualization\graphicvisualization\x64\debug\graphicv.0c9b8403.tlog\link.write.2u.tlog
c:\users\admin\source\repos\graphicvisualization\graphicvisualization\x64\debug\graphicv.0c9b8403.tlog\moc.read.1u.tlog
c:\users\admin\source\repos\graphicvisualization\graphicvisualization\x64\debug\graphicv.0c9b8403.tlog\moc.write.1u.tlog
c:\users\admin\source\repos\graphicvisualization\graphicvisualization\x64\debug\graphicv.0c9b8403.tlog\rcc.read.1u.tlog
c:\users\admin\source\repos\graphicvisualization\graphicvisualization\x64\debug\graphicv.0c9b8403.tlog\rcc.write.1u.tlog
c:\users\admin\source\repos\graphicvisualization\graphicvisualization\x64\debug\graphicv.0c9b8403.tlog\uic.read.1u.tlog
c:\users\admin\source\repos\graphicvisualization\graphicvisualization\x64\debug\graphicv.0c9b8403.tlog\uic.write.1u.tlog
