  Reading Qt configuration (D:/Qt/5.9.8/msvc2017_64/bin/qmake)
  AttributeDialog.cpp
  DecisionTree.cpp
  GraphItem.cpp
  Interpolation.cpp
  LayerScene.cpp
  MachineLearning.cpp
  ShortestPath.cpp
  Chess.cpp
  ConvexHull.cpp
  CPython.cpp
  IDW.cpp
  LayerManagement.cpp
  LayerView.cpp
  main.cpp
  MainWindow.cpp
  NetworkAnalysis.cpp
  TIN.cpp
C:\Users\admin\source\repos\GraphicVisualization\GraphicVisualization\DecisionTree.cpp(344,1): warning C4715: “DecisionTree::buildTree”: 不是所有的控件路径都返回值
  ToolManagement.cpp
C:\Users\admin\source\repos\GraphicVisualization\GraphicVisualization\GraphItem.cpp(3738,1): warning C4715: “DecisionTreeItem::isNumeric”: 不是所有的控件路径都返回值
C:\Users\admin\source\repos\GraphicVisualization\GraphicVisualization\MainWindow.cpp(363,1): warning C4715: “``MainWindow::initLayerManagement'::`2'::<lambda_2>::operator()'::`8'::<lambda_1>::operator()”: 不是所有的控件路径都返回值
  qrc_res.cpp
  moc_MachineLearning.cpp
  moc_Interpolation.cpp
  moc_LayerScene.cpp
  moc_NetworkAnalysis.cpp
  moc_AttributeDialog.cpp
  moc_GraphItem.cpp
  moc_LayerManagement.cpp
  moc_LayerView.cpp
  moc_MainWindow.cpp
  GraphicVisualization.vcxproj -> C:\Users\admin\source\repos\GraphicVisualization\x64\Debug\GraphicVisualization.exe
  'pwsh.exe' 不是内部或外部命令，也不是可运行的程序
  或批处理文件。
